app/manifest-merger-release-report.txt
-- Merging decision tree log ---
manifest
ADDED from AndroidManifest.xml:1:1
	xmlns:tools
		ADDED from AndroidManifest.xml:2:5
	xmlns:android
		ADDED from AndroidManifest.xml:1:11
	package
		ADDED from AndroidManifest.xml:3:5
		INJECTED from AndroidManifest.xml:0:0
		INJECTED from AndroidManifest.xml:0:0
	android:versionName
		ADDED from AndroidManifest.xml:6:5
		INJECTED from AndroidManifest.xml:0:0
		INJECTED from AndroidManifest.xml:0:0
	android:versionCode
		ADDED from AndroidManifest.xml:5:5
		INJECTED from AndroidManifest.xml:0:0
		INJECTED from AndroidManifest.xml:0:0
	android:installLocation
		ADDED from AndroidManifest.xml:4:5
uses-sdk
ADDED from AndroidManifest.xml:8:5
MERGED from com.android.support:gridlayout-v7:19.1.0:18:5
MERGED from com.google.android.gms:play-services:4.4.52:17:5
MERGED from com.github.johnkil.android-progressfragment:progressfragment:1.4.0:3:5
MERGED from visivay:facebook:unspecified:20:5
MERGED from visivay:SimpleFacebook:unspecified:20:5
MERGED from visivay:facebook:unspecified:20:5
MERGED from visivay:vksdk_library:unspecified:7:5
MERGED from visivay:yandexmapkit-library:unspecified:7:5
MERGED from com.joooonho:selectableroundedimageview:1.0.1:7:5
	android:targetSdkVersion
		ADDED from AndroidManifest.xml:10:9
		INJECTED from AndroidManifest.xml:0:0
		INJECTED from AndroidManifest.xml:0:0
	android:minSdkVersion
		ADDED from AndroidManifest.xml:9:9
		INJECTED from AndroidManifest.xml:0:0
		INJECTED from AndroidManifest.xml:0:0
uses-permission#android.permission.INTERNET
ADDED from AndroidManifest.xml:12:5
MERGED from visivay:yandexmapkit-library:unspecified:14:5
	android:name
		ADDED from AndroidManifest.xml:12:22
uses-permission#android.permission.ACCESS_FINE_LOCATION
ADDED from AndroidManifest.xml:13:5
MERGED from visivay:yandexmapkit-library:unspecified:15:5
	android:name
		ADDED from AndroidManifest.xml:13:22
uses-permission#android.permission.ACCESS_COARSE_LOCATION
ADDED from AndroidManifest.xml:14:5
MERGED from visivay:yandexmapkit-library:unspecified:18:5
	android:name
		ADDED from AndroidManifest.xml:14:22
uses-permission#android.permission.CALL_PHONE
ADDED from AndroidManifest.xml:15:5
	android:name
		ADDED from AndroidManifest.xml:15:22
uses-permission#android.permission.WRITE_SETTINGS
ADDED from AndroidManifest.xml:17:5
	android:name
		ADDED from AndroidManifest.xml:17:22
uses-permission#android.permission.ACCESS_NETWORK_STATE
ADDED from AndroidManifest.xml:19:5
MERGED from visivay:yandexmapkit-library:unspecified:17:5
	android:name
		ADDED from AndroidManifest.xml:19:22
uses-permission#android.permission.WRITE_EXTERNAL_STORAGE
ADDED from AndroidManifest.xml:21:5
MERGED from visivay:yandexmapkit-library:unspecified:16:5
	android:name
		ADDED from AndroidManifest.xml:21:22
uses-permission#android.permission.READ_LOGS
ADDED from AndroidManifest.xml:23:5
	android:name
		ADDED from AndroidManifest.xml:23:22
uses-permission#android.permission.GET_TASKS
ADDED from AndroidManifest.xml:24:5
	android:name
		ADDED from AndroidManifest.xml:24:22
application
ADDED from AndroidManifest.xml:26:5
MERGED from com.android.support:gridlayout-v7:19.1.0:19:5
MERGED from com.google.android.gms:play-services:4.4.52:18:5
MERGED from com.github.johnkil.android-progressfragment:progressfragment:1.4.0:5:5
MERGED from visivay:facebook:unspecified:24:5
MERGED from visivay:SimpleFacebook:unspecified:24:5
MERGED from visivay:facebook:unspecified:24:5
MERGED from visivay:vksdk_library:unspecified:11:5
	android:label
		ADDED from AndroidManifest.xml:31:9
	android:allowBackup
		ADDED from AndroidManifest.xml:28:9
	android:icon
		ADDED from AndroidManifest.xml:30:9
	android:theme
		ADDED from AndroidManifest.xml:32:9
	android:hardwareAccelerated
		ADDED from AndroidManifest.xml:29:9
	android:name
		ADDED from AndroidManifest.xml:27:9
activity#com.vk.sdk.VKOpenAuthActivity
ADDED from AndroidManifest.xml:34:9
MERGED from visivay:vksdk_library:unspecified:12:9
	android:name
		ADDED from AndroidManifest.xml:34:19
activity#com.facebook.LoginActivity
ADDED from AndroidManifest.xml:35:9
	android:name
		ADDED from AndroidManifest.xml:35:19
activity#su.whs.call.form.MainActivity
ADDED from AndroidManifest.xml:37:9
	android:windowSoftInputMode
		ADDED from AndroidManifest.xml:40:13
	android:screenOrientation
		ADDED from AndroidManifest.xml:41:13
	android:hardwareAccelerated
		ADDED from AndroidManifest.xml:39:13
	android:name
		ADDED from AndroidManifest.xml:38:13
intent-filter#android.intent.action.MAIN+android.intent.category.LAUNCHER
ADDED from AndroidManifest.xml:42:13
action#android.intent.action.MAIN
ADDED from AndroidManifest.xml:43:17
	android:name
		ADDED from AndroidManifest.xml:43:25
category#android.intent.category.LAUNCHER
ADDED from AndroidManifest.xml:44:17
	android:name
		ADDED from AndroidManifest.xml:44:27
activity#su.whs.call.form.SearchActivity
ADDED from AndroidManifest.xml:48:9
	android:windowSoftInputMode
		ADDED from AndroidManifest.xml:51:9
	android:screenOrientation
		ADDED from AndroidManifest.xml:52:9
	android:hardwareAccelerated
		ADDED from AndroidManifest.xml:50:9
	android:name
		ADDED from AndroidManifest.xml:49:9
activity#su.whs.call.form.FavoritesActivtiy
ADDED from AndroidManifest.xml:54:9
	android:windowSoftInputMode
		ADDED from AndroidManifest.xml:57:13
	android:screenOrientation
		ADDED from AndroidManifest.xml:58:13
	android:hardwareAccelerated
		ADDED from AndroidManifest.xml:56:13
	android:name
		ADDED from AndroidManifest.xml:55:13
activity#su.whs.call.form.ExitActivity
ADDED from AndroidManifest.xml:61:9
	android:windowSoftInputMode
		ADDED from AndroidManifest.xml:64:13
	android:screenOrientation
		ADDED from AndroidManifest.xml:65:13
	android:hardwareAccelerated
		ADDED from AndroidManifest.xml:63:13
	android:name
		ADDED from AndroidManifest.xml:62:13
activity#su.whs.call.form.RegistrationActivtiy
ADDED from AndroidManifest.xml:67:9
	android:windowSoftInputMode
		ADDED from AndroidManifest.xml:70:13
	android:screenOrientation
		ADDED from AndroidManifest.xml:71:13
	android:hardwareAccelerated
		ADDED from AndroidManifest.xml:69:13
	android:name
		ADDED from AndroidManifest.xml:68:13
activity#su.whs.call.form.CabinetActivity
ADDED from AndroidManifest.xml:74:9
	android:windowSoftInputMode
		ADDED from AndroidManifest.xml:77:13
	android:screenOrientation
		ADDED from AndroidManifest.xml:78:13
	android:hardwareAccelerated
		ADDED from AndroidManifest.xml:76:13
	android:name
		ADDED from AndroidManifest.xml:75:13
activity#su.whs.call.crashreport.ReportActivity
ADDED from AndroidManifest.xml:81:9
	android:noHistory
		ADDED from AndroidManifest.xml:84:13
	android:label
		ADDED from AndroidManifest.xml:83:13
	android:theme
		ADDED from AndroidManifest.xml:86:13
	android:process
		ADDED from AndroidManifest.xml:85:13
	android:name
		ADDED from AndroidManifest.xml:82:13
provider#su.whs.call.crashreport.ReportFilesProvider
ADDED from AndroidManifest.xml:88:9
	android:process
		ADDED from AndroidManifest.xml:93:13
	android:exported
		ADDED from AndroidManifest.xml:92:13
	android:authorities
		ADDED from AndroidManifest.xml:91:13
	android:name
		ADDED from AndroidManifest.xml:89:13
	tools:ignore
		ADDED from AndroidManifest.xml:90:13
meta-data#com.facebook.sdk.ApplicationId
ADDED from AndroidManifest.xml:95:9
	android:name
		ADDED from AndroidManifest.xml:96:13
	android:value
		ADDED from AndroidManifest.xml:97:13
meta-data#com.google.android.gms.version
ADDED from AndroidManifest.xml:99:9
	android:name
		ADDED from AndroidManifest.xml:100:13
	android:value
		ADDED from AndroidManifest.xml:101:13
supports-screens
ADDED from visivay:yandexmapkit-library:unspecified:9:5
	android:largeScreens
		ADDED from visivay:yandexmapkit-library:unspecified:10:9
	android:normalScreens
		ADDED from visivay:yandexmapkit-library:unspecified:11:9
	android:smallScreens
		ADDED from visivay:yandexmapkit-library:unspecified:12:9
uses-permission#android.permission.ACCESS_WIFI_STATE
ADDED from visivay:yandexmapkit-library:unspecified:19:5
	android:name
		ADDED from visivay:yandexmapkit-library:unspecified:19:22
uses-permission#android.permission.CHANGE_WIFI_STATE
ADDED from visivay:yandexmapkit-library:unspecified:20:5
	android:name
		ADDED from visivay:yandexmapkit-library:unspecified:20:22
uses-permission#android.permission.READ_PHONE_STATE
ADDED from visivay:yandexmapkit-library:unspecified:21:5
	android:name
		ADDED from visivay:yandexmapkit-library:unspecified:21:22
uses-permission#android.permission.VIBRATE
ADDED from visivay:yandexmapkit-library:unspecified:22:5
	android:name
		ADDED from visivay:yandexmapkit-library:unspecified:22:22
android:uses-permission#android.permission.READ_EXTERNAL_STORAGE
IMPLIED from AndroidManifest.xml:1:1 reason: ru.yandex.yandexmapkit requested WRITE_EXTERNAL_STORAGE